/home/besermenji/.rvm/rubies/ruby-2.2.3/bin/ruby -r ./siteconf20160321-6203-1o4hw14.rb extconf.rb
checking for main() in -lpthread... yes
creating Makefile

make "DESTDIR=" clean

make "DESTDIR="
compiling date.cc
compiling primitive.cc
compiling accessor.cc
compiling object.cc
compiling handles.cc
compiling heap.cc
compiling constants.cc
compiling string.cc
compiling context.cc
compiling function.cc
compiling trycatch.cc
compiling signature.cc
compiling locker.cc
compiling external.cc
compiling v8.cc
compiling rr.cc
compiling constraints.cc
compiling backref.cc
compiling template.cc
compiling value.cc
compiling exception.cc
compiling invocation.cc
compiling array.cc
compiling stack.cc
compiling script.cc
compiling gc.cc
compiling init.cc
compiling message.cc
linking shared-object v8/init.so

make "DESTDIR=" install
/usr/bin/install -c -m 0755 init.so ./.gem.20160321-6203-13wxez3/v8
